<?xml version="1.0" encoding="UTF-8"?>
<!-- Generated by org.testng.reporters.JUnitReportReporter -->
<testsuite skipped="0" hostname="DESKTOP-109QLBP" name="TestModules.Agoda_TestSuite.AgodaTests" tests="1" failures="0" timestamp="2020-04-27T17:08:21 ICT" time="42.052" errors="0">
  <testcase name="AgodaTestsTC_03" time="42.052" classname="TestModules.Agoda_TestSuite.AgodaTests"/>
</testsuite> <!-- TestModules.Agoda_TestSuite.AgodaTests -->
