<?xml version="1.0" encoding="UTF-8"?>
<!-- Generated by org.testng.reporters.JUnitReportReporter -->
<testsuite skipped="0" hostname="DESKTOP-109QLBP" name="TestModules.LogigearEmail_TestSuite.MailBoxTests" tests="1" failures="0" timestamp="2020-04-25T19:51:03 ICT" time="30.133" errors="0">
  <testcase name="MailBoxTestsTC_01" time="30.133" classname="TestModules.LogigearEmail_TestSuite.MailBoxTests"/>
</testsuite> <!-- TestModules.LogigearEmail_TestSuite.MailBoxTests -->
